Loading climacommon/2025_05_15
  Loading requirement: climaauth/2025_05_15 openmpi/4.1.5-mpitrampoline
    julia/1.11.5 cuda/julia-pref
   Installed libpng_jll ─────────────── v1.6.51+0
   Installed NearestNeighbors ───────── v0.4.24
   Installed BandedMatrices ─────────── v1.10.2
   Installed ClimaSeaIce ────────────── v0.3.10
   Installed JLD2 ───────────────────── v0.6.3
   Installed GPUArrays ──────────────── v11.3.1
   Installed KrylovPreconditioners ──── v0.3.7
   Installed GeometryOps ────────────── v0.1.31
   Installed EnzymeCore ─────────────── v0.8.17
   Installed Quaternions ────────────── v0.7.7
   Installed LineSearches ───────────── v7.4.1
   Installed ArrayLayouts ───────────── v1.12.1
   Installed SciMLOperators ─────────── v1.13.0
   Installed GeoFormatTypes ─────────── v0.4.5
   Installed IntervalSets ───────────── v0.7.13
   Installed Krylov ─────────────────── v0.10.3
   Installed GPUCompiler ────────────── v1.7.4
   Installed BlockArrays ────────────── v1.9.3
   Installed StringManipulation ─────── v0.4.2
   Installed DifferentiationInterface ─ v0.7.12
   Installed ClimaAtmos ─────────────── v0.31.9
   Installed ClimaCore ──────────────── v0.14.42
   Installed ClimaLand ──────────────── v1.1.0
[ Info: Unpacking /tmp/jl_SLCBQVGpuF-download.gz into /home/pbachant/.julia/artifacts/jl_mte7x1...
Precompiling project...
   3566.3 ms  ✓ IntervalSets
   3078.4 ms  ✓ Quaternions
   3717.4 ms  ✓ GeoFormatTypes
   3099.7 ms  ✓ EnzymeCore
   6551.9 ms  ✓ DifferentiationInterface
  12991.5 ms  ✓ SciMLOperators
  19817.9 ms  ✓ ADTypes → ADTypesChainRulesCoreExt
  18646.5 ms  ✓ libpng_jll
  18383.5 ms  ✓ StringManipulation
  24204.1 ms  ✓ Krylov
  17965.2 ms  ✓ OpenMPI_jll
  14188.5 ms  ✓ IntervalSets → IntervalSetsRecipesBaseExt
  14140.9 ms  ✓ IntervalSets → IntervalSetsRandomExt
  14011.9 ms  ✓ IntervalSets → IntervalSetsStatisticsExt
  13793.6 ms  ✓ ConstructionBase → ConstructionBaseIntervalSetsExt
  13635.4 ms  ✓ Accessors → IntervalSetsExt
  13482.1 ms  ✓ GeoInterface
  34267.9 ms  ✓ SparseMatrixColorings
  31250.1 ms  ✓ NearestNeighbors
  16570.9 ms  ✓ RootSolvers
  17895.5 ms  ✓ ADTypes → ADTypesEnzymeCoreExt
  17429.1 ms  ✓ libsixel_jll
  16417.1 ms  ✓ OpenJpeg_jll
  33883.2 ms  ✓ PlotUtils
  19295.8 ms  ✓ PDMats → StatsBaseExt
  10253.5 ms  ✓ DifferentiationInterface → DifferentiationInterfaceGPUArraysCoreExt
   9746.6 ms  ✓ DifferentiationInterface → DifferentiationInterfaceFiniteDiffExt
   9365.7 ms  ✓ DifferentiationInterface → DifferentiationInterfaceStaticArraysExt
  13860.9 ms  ✓ AxisArrays
  15270.0 ms  ✓ ColorBrewer
   8745.1 ms  ✓ SparseMatrixColorings → SparseMatrixColoringsColorsExt
   8439.3 ms  ✓ DifferentiationInterface → DifferentiationInterfaceSparseMatrixColoringsExt
  16434.9 ms  ✓ Rotations
   8962.6 ms  ✓ Roots → RootsForwardDiffExt
   5233.9 ms  ✓ SciMLOperators → SciMLOperatorsStaticArraysCoreExt
  11448.2 ms  ✓ RecursiveArrayTools → RecursiveArrayToolsForwardDiffExt
   8267.5 ms  ✓ DifferentiationInterface → DifferentiationInterfaceForwardDiffExt
           ✗ DataDeps
   7471.3 ms  ✓ SciMLOperators → SciMLOperatorsSparseArraysExt
   8068.9 ms  ✓ Cairo_jll
   6639.2 ms  ✓ DifferentiationInterface → DifferentiationInterfaceChainRulesCoreExt
  10872.2 ms  ✓ libwebp_jll
   7704.8 ms  ✓ DifferentiationInterface → DifferentiationInterfaceSparseArraysExt
  40120.2 ms  ✓ PNGFiles
   5669.0 ms  ✓ GeoInterfaceRecipes
  12987.6 ms  ✓ LoopVectorization → ForwardDiffExt
   4749.3 ms  ✓ SortTileRecursiveTree
  21136.7 ms  ✓ ImageAxes
  22738.4 ms  ✓ KrylovPreconditioners
  27526.7 ms  ✓ Sixel
   9714.0 ms  ✓ GeometryOpsCore
  23382.4 ms  ✓ IntervalArithmetic
   9413.4 ms  ✓ KernelAbstractions → EnzymeExt
   8121.2 ms  ✓ Unitful → ForwardDiffExt
   4180.1 ms  ✓ EnzymeCore → AdaptExt
  75873.2 ms  ✓ ArrayLayouts
   7399.1 ms  ✓ Rotations → RotationsRecipesBaseExt
  19413.5 ms  ✓ Proj
  10496.9 ms  ✓ NLSolversBase
  21908.6 ms  ✓ Thermodynamics
           ✗ FileIO → HTTPExt
  10121.2 ms  ✓ Poppler_jll
  45512.2 ms  ✓ GPUArrays
   8468.3 ms  ✓ HarfBuzz_jll
   5248.0 ms  ✓ IntervalArithmetic → IntervalArithmeticDiffRulesExt
   5108.0 ms  ✓ IntervalArithmetic → IntervalArithmeticIntervalSetsExt
  51507.2 ms  ✓ Distributions
  30306.4 ms  ✓ MeshArrays
   7248.0 ms  ✓ IntervalArithmetic → IntervalArithmeticLinearAlgebraExt
   8259.7 ms  ✓ IntervalArithmetic → IntervalArithmeticSparseArraysExt
   6329.7 ms  ✓ IntervalArithmetic → IntervalArithmeticRecipesBaseExt
  26939.7 ms  ✓ GaussianRandomFields
   6972.0 ms  ✓ IntervalArithmetic → IntervalArithmeticForwardDiffExt
  13674.2 ms  ✓ ImageMetadata
  11581.6 ms  ✓ TaylorSeries → TaylorSeriesIAExt
  10986.0 ms  ✓ Thermodynamics → CreateParametersExt
  25977.6 ms  ✓ WebP
  15178.5 ms  ✓ ArrayLayouts → ArrayLayoutsSparseArraysExt
   8873.1 ms  ✓ libass_jll
  48644.1 ms  ✓ GeometryBasics
   9061.0 ms  ✓ Pango_jll
  15623.0 ms  ✓ SurfaceFluxes
  19921.5 ms  ✓ LineSearches
   7955.2 ms  ✓ MeshArrays → MeshArraysProjExt
  23081.2 ms  ✓ BlockArrays
  13122.2 ms  ✓ Distributions → DistributionsTestExt
  12064.6 ms  ✓ Distributions → DistributionsChainRulesCoreExt
  12058.4 ms  ✓ Packing
  10790.7 ms  ✓ FFMPEG_jll
  19973.2 ms  ✓ Netpbm
  12531.4 ms  ✓ BlockArrays → BlockArraysAdaptExt
  14907.0 ms  ✓ ShaderAbstractions
   9524.6 ms  ✓ SurfaceFluxes → CreateParametersExt
  13461.8 ms  ✓ Cairo
   8364.1 ms  ✓ FFMPEG
  33508.5 ms  ✓ ExactPredicates
           ✗ MeshArrays → MeshArraysDataDepsExt
  17831.5 ms  ✓ KernelDensity
  32029.3 ms  ✓ CloudMicrophysics
  20210.4 ms  ✓ FreeTypeAbstraction
  38669.2 ms  ✓ MakieCore
  27501.6 ms  ✓ Optim
  86291.8 ms  ✓ SciMLBase
  12659.0 ms  ✓ GeoInterfaceMakie
  53372.1 ms  ✓ GridLayoutBase
   8661.5 ms  ✓ SciMLBase → SciMLBaseChainRulesCoreExt
  11398.4 ms  ✓ SciMLBase → SciMLBaseForwardDiffExt
  12082.2 ms  ✓ SciMLBase → SciMLBaseDistributionsExt
  18075.6 ms  ✓ DiffEqBase
  39405.7 ms  ✓ DelaunayTriangulation
 153752.1 ms  ✓ PrettyTables
  32233.8 ms  ✓ DiffEqBase → DiffEqBaseChainRulesCoreExt
  37141.3 ms  ✓ DiffEqBase → DiffEqBaseSparseArraysExt
  37232.3 ms  ✓ DiffEqBase → DiffEqBaseUnitfulExt
  39830.0 ms  ✓ DiffEqBase → DiffEqBaseForwardDiffExt
  16497.3 ms  ✓ SymbolicIndexingInterface → SymbolicIndexingInterfacePrettyTablesExt
  40353.8 ms  ✓ DiffEqBase → DiffEqBaseDistributionsExt
  41773.0 ms  ✓ DiffEqBase → DiffEqBaseMPIExt
  76421.9 ms  ✓ MathTeXEngine
  57212.5 ms  ✓ GeometryOps
 202774.6 ms  ✓ GPUCompiler
  91865.9 ms  ✓ GeoJSON
  21689.4 ms  ✓ GeometryOps → GeometryOpsProjExt
 170182.0 ms  ✓ BandedMatrices
  47069.7 ms  ✓ ClimaTimeSteppers
   7021.1 ms  ✓ NaturalEarth
   8095.8 ms  ✓ ArrayInterface → ArrayInterfaceBandedMatricesExt
   8962.4 ms  ✓ BandedMatrices → BandedMatricesSparseArraysExt
   8990.6 ms  ✓ FiniteDiff → FiniteDiffBandedMatricesExt
  13567.9 ms  ✓ MeshArrays → MeshArraysGeoJSONExt
  10543.2 ms  ✓ BlockArrays → BlockArraysBandedMatricesExt
 252445.0 ms  ✓ JLD2
   8661.0 ms  ✓ JLD2 → UnPackExt
   8109.9 ms  ✓ TaylorSeries → TaylorSeriesJLD2Ext
  10423.6 ms  ✓ MeshArrays → MeshArraysJLD2Ext
  11715.0 ms  ✓ GPUArrays → JLD2Ext
 303612.9 ms  ✓ MathOptInterface
  71634.2 ms  ✓ ClimaCore
  14650.4 ms  ✓ Optim → OptimMOIExt
  23533.5 ms  ✓ Convex
  30213.0 ms  ✓ ClimaCore → KrylovExt
  33844.5 ms  ✓ ClimaUtilities → ClimaUtilitiesClimaCoreExt
 194543.0 ms  ✓ DataFrames
  31266.1 ms  ✓ ClimaCoupler
  29813.3 ms  ✓ ClimaUtilities → ClimaUtilitiesClimaCoreNCDatasetsExt
  31171.5 ms  ✓ ClimaUtilities → ClimaUtilitiesClimaCoreInterpolationsExt
  35453.3 ms  ✓ ClimaDiagnostics
   9394.4 ms  ✓ GeometryOps → GeometryOpsDataFramesExt
 113388.3 ms  ✓ Oceananigans
 119617.2 ms  ✓ SCS
  32146.9 ms  ✓ Oceananigans → OceananigansNCDatasetsExt
  37092.7 ms  ✓ ClimaSeaIce
  55544.0 ms  ✓ ClimaLand
  22035.5 ms  ✓ EnsembleKalmanProcesses
  75752.5 ms  ✓ ClimaAtmos
  22023.6 ms  ✓ ClimaLand → FluxnetSimulationsExt
  19011.7 ms  ✓ ClimaCalibrate
  32897.0 ms  ✓ ClimaCalibrate → ClimaAnalysisExt
 134027.9 ms  ✓ CUDA
  57648.6 ms  ✓ SparseMatrixColorings → SparseMatrixColoringsCUDAExt
  62990.7 ms  ✓ Atomix → AtomixCUDAExt
  62336.3 ms  ✓ MPI → CUDAExt
  62975.0 ms  ✓ ArrayInterface → ArrayInterfaceCUDAExt
  64499.2 ms  ✓ CUDA → ChainRulesCoreExt
  62554.9 ms  ✓ ClimaTimeSteppers → ClimaTimeSteppersBenchmarkToolsExt
  64378.3 ms  ✓ LinearOperators → LinearOperatorsCUDAExt
  64529.5 ms  ✓ DiffEqBase → DiffEqBaseCUDAExt
  66693.7 ms  ✓ CUDA → SpecialFunctionsExt
  67193.7 ms  ✓ CUDA → EnzymeCoreExt
  67725.4 ms  ✓ MultiBroadcastFusion → MultiBroadcastFusionCUDAExt
  67064.6 ms  ✓ ClimaComms → ClimaCommsCUDAExt
  68157.7 ms  ✓ ClimaInterpolations → ClimaInterpolationsCUDAExt
  66606.9 ms  ✓ KrylovPreconditioners → KrylovPreconditionersCUDAExt
  67129.8 ms  ✓ RRTMGP → RRTMGPCUDAExt
  19245.2 ms  ✓ Oceananigans → OceananigansCUDAExt
  27307.7 ms  ✓ ClimaCore → ClimaCoreCUDAExt
 465018.0 ms  ✓ Makie
           ✗ ClimaOcean
   3594.9 ms  ✓ GeoJSON → GeoJSONMakieExt
  37984.2 ms  ✓ MeshArrays → MeshArraysMakieExt
  40649.2 ms  ✓ SciMLBase → SciMLBaseMakieExt
  40408.0 ms  ✓ Oceananigans → OceananigansMakieExt
  45005.9 ms  ✓ ClimaAnalysis → ClimaAnalysisMakieExt
  42613.9 ms  ✓ GeoMakie
  52584.7 ms  ✓ ClimaCoreMakie
  53099.3 ms  ✓ EnsembleKalmanProcesses → EnsembleKalmanProcessesMakieExt
  17831.9 ms  ✓ ClimaAnalysis → ClimaAnalysisGeoMakieExt
  89898.9 ms  ✓ CairoMakie
  10992.8 ms  ✓ ClimaLand → LandSimulationVisualizationExt
  185 dependencies successfully precompiled in 815 seconds. 458 already precompiled.
  20 dependencies had output during precompilation:
┌ ArrayInterface → ArrayInterfaceCUDAExt
│  ┌ Warning: CUDA runtime library `libcublasLt.so.13` was loaded from a system path, `/usr/local/cuda/lib64/libcublasLt.so.13`.
│  │ This may cause errors.
│  │ 
│  │ If you're running under a profiler, this situation is expected. Otherwise,
│  │ ensure that your library path environment variable (e.g., `PATH` on Windows
│  │ or `LD_LIBRARY_PATH` on Linux) does not include CUDA library paths.
│  │ 
│  │ In any other case, please file an issue.
│  └ @ CUDA ~/.julia/packages/CUDA/TPbi4/src/initialization.jl:218
│  ┌ Warning: CUDA runtime library `libnvJitLink.so.13` was loaded from a system path, `/usr/local/cuda/lib64/libnvJitLink.so.13`.
│  │ This may cause errors.
│  │ 
│  │ If you're running under a profiler, this situation is expected. Otherwise,
│  │ ensure that your library path environment variable (e.g., `PATH` on Windows
│  │ or `LD_LIBRARY_PATH` on Linux) does not include CUDA library paths.
│  │ 
│  │ In any other case, please file an issue.
│  └ @ CUDA ~/.julia/packages/CUDA/TPbi4/src/initialization.jl:218
│  ┌ Warning: CUDA runtime library `libcusparse.so.12` was loaded from a system path, `/usr/local/cuda/lib64/libcusparse.so.12`.
│  │ This may cause errors.
│  │ 
│  │ If you're running under a profiler, this situation is expected. Otherwise,
│  │ ensure that your library path environment variable (e.g., `PATH` on Windows
│  │ or `LD_LIBRARY_PATH` on Linux) does not include CUDA library paths.
│  │ 
│  │ In any other case, please file an issue.
│  └ @ CUDA ~/.julia/packages/CUDA/TPbi4/src/initialization.jl:218
└  
┌ LinearOperators → LinearOperatorsCUDAExt
│  ┌ Warning: CUDA runtime library `libcublasLt.so.13` was loaded from a system path, `/usr/local/cuda/lib64/libcublasLt.so.13`.
│  │ This may cause errors.
│  │ 
│  │ If you're running under a profiler, this situation is expected. Otherwise,
│  │ ensure that your library path environment variable (e.g., `PATH` on Windows
│  │ or `LD_LIBRARY_PATH` on Linux) does not include CUDA library paths.
│  │ 
│  │ In any other case, please file an issue.
│  └ @ CUDA ~/.julia/packages/CUDA/TPbi4/src/initialization.jl:218
│  ┌ Warning: CUDA runtime library `libnvJitLink.so.13` was loaded from a system path, `/usr/local/cuda/lib64/libnvJitLink.so.13`.
│  │ This may cause errors.
│  │ 
│  │ If you're running under a profiler, this situation is expected. Otherwise,
│  │ ensure that your library path environment variable (e.g., `PATH` on Windows
│  │ or `LD_LIBRARY_PATH` on Linux) does not include CUDA library paths.
│  │ 
│  │ In any other case, please file an issue.
│  └ @ CUDA ~/.julia/packages/CUDA/TPbi4/src/initialization.jl:218
│  ┌ Warning: CUDA runtime library `libcusparse.so.12` was loaded from a system path, `/usr/local/cuda/lib64/libcusparse.so.12`.
│  │ This may cause errors.
│  │ 
│  │ If you're running under a profiler, this situation is expected. Otherwise,
│  │ ensure that your library path environment variable (e.g., `PATH` on Windows
│  │ or `LD_LIBRARY_PATH` on Linux) does not include CUDA library paths.
│  │ 
│  │ In any other case, please file an issue.
│  └ @ CUDA ~/.julia/packages/CUDA/TPbi4/src/initialization.jl:218
└  
┌ Oceananigans → OceananigansMakieExt
│  ┌ Warning: You are using Julia v1.11 or later!"
│  │ Oceananigans is currently tested on Julia v1.10."
│  │ If you find issues with Julia v1.11 or later,"
│  │ please report at https://github.com/CliMA/Oceananigans.jl/issues/new
│  └ @ Oceananigans ~/.julia/packages/Oceananigans/A56vm/src/Oceananigans.jl:125
└  
┌ ClimaCore → ClimaCoreCUDAExt
│  ┌ Warning: CUDA runtime library `libcublasLt.so.13` was loaded from a system path, `/usr/local/cuda/lib64/libcublasLt.so.13`.
│  │ This may cause errors.
│  │ 
│  │ If you're running under a profiler, this situation is expected. Otherwise,
│  │ ensure that your library path environment variable (e.g., `PATH` on Windows
│  │ or `LD_LIBRARY_PATH` on Linux) does not include CUDA library paths.
│  │ 
│  │ In any other case, please file an issue.
│  └ @ CUDA ~/.julia/packages/CUDA/TPbi4/src/initialization.jl:218
│  ┌ Warning: CUDA runtime library `libnvJitLink.so.13` was loaded from a system path, `/usr/local/cuda/lib64/libnvJitLink.so.13`.
│  │ This may cause errors.
│  │ 
│  │ If you're running under a profiler, this situation is expected. Otherwise,
│  │ ensure that your library path environment variable (e.g., `PATH` on Windows
│  │ or `LD_LIBRARY_PATH` on Linux) does not include CUDA library paths.
│  │ 
│  │ In any other case, please file an issue.
│  └ @ CUDA ~/.julia/packages/CUDA/TPbi4/src/initialization.jl:218
│  ┌ Warning: CUDA runtime library `libcusparse.so.12` was loaded from a system path, `/usr/local/cuda/lib64/libcusparse.so.12`.
│  │ This may cause errors.
│  │ 
│  │ If you're running under a profiler, this situation is expected. Otherwise,
│  │ ensure that your library path environment variable (e.g., `PATH` on Windows
│  │ or `LD_LIBRARY_PATH` on Linux) does not include CUDA library paths.
│  │ 
│  │ In any other case, please file an issue.
│  └ @ CUDA ~/.julia/packages/CUDA/TPbi4/src/initialization.jl:218
└  
┌ ClimaInterpolations → ClimaInterpolationsCUDAExt
│  ┌ Warning: CUDA runtime library `libcublasLt.so.13` was loaded from a system path, `/usr/local/cuda/lib64/libcublasLt.so.13`.
│  │ This may cause errors.
│  │ 
│  │ If you're running under a profiler, this situation is expected. Otherwise,
│  │ ensure that your library path environment variable (e.g., `PATH` on Windows
│  │ or `LD_LIBRARY_PATH` on Linux) does not include CUDA library paths.
│  │ 
│  │ In any other case, please file an issue.
│  └ @ CUDA ~/.julia/packages/CUDA/TPbi4/src/initialization.jl:218
│  ┌ Warning: CUDA runtime library `libnvJitLink.so.13` was loaded from a system path, `/usr/local/cuda/lib64/libnvJitLink.so.13`.
│  │ This may cause errors.
│  │ 
│  │ If you're running under a profiler, this situation is expected. Otherwise,
│  │ ensure that your library path environment variable (e.g., `PATH` on Windows
│  │ or `LD_LIBRARY_PATH` on Linux) does not include CUDA library paths.
│  │ 
│  │ In any other case, please file an issue.
│  └ @ CUDA ~/.julia/packages/CUDA/TPbi4/src/initialization.jl:218
│  ┌ Warning: CUDA runtime library `libcusparse.so.12` was loaded from a system path, `/usr/local/cuda/lib64/libcusparse.so.12`.
│  │ This may cause errors.
│  │ 
│  │ If you're running under a profiler, this situation is expected. Otherwise,
│  │ ensure that your library path environment variable (e.g., `PATH` on Windows
│  │ or `LD_LIBRARY_PATH` on Linux) does not include CUDA library paths.
│  │ 
│  │ In any other case, please file an issue.
│  └ @ CUDA ~/.julia/packages/CUDA/TPbi4/src/initialization.jl:218
└  
┌ ClimaTimeSteppers → ClimaTimeSteppersBenchmarkToolsExt
│  ┌ Warning: CUDA runtime library `libcublasLt.so.13` was loaded from a system path, `/usr/local/cuda/lib64/libcublasLt.so.13`.
│  │ This may cause errors.
│  │ 
│  │ If you're running under a profiler, this situation is expected. Otherwise,
│  │ ensure that your library path environment variable (e.g., `PATH` on Windows
│  │ or `LD_LIBRARY_PATH` on Linux) does not include CUDA library paths.
│  │ 
│  │ In any other case, please file an issue.
│  └ @ CUDA ~/.julia/packages/CUDA/TPbi4/src/initialization.jl:218
│  ┌ Warning: CUDA runtime library `libnvJitLink.so.13` was loaded from a system path, `/usr/local/cuda/lib64/libnvJitLink.so.13`.
│  │ This may cause errors.
│  │ 
│  │ If you're running under a profiler, this situation is expected. Otherwise,
│  │ ensure that your library path environment variable (e.g., `PATH` on Windows
│  │ or `LD_LIBRARY_PATH` on Linux) does not include CUDA library paths.
│  │ 
│  │ In any other case, please file an issue.
│  └ @ CUDA ~/.julia/packages/CUDA/TPbi4/src/initialization.jl:218
│  ┌ Warning: CUDA runtime library `libcusparse.so.12` was loaded from a system path, `/usr/local/cuda/lib64/libcusparse.so.12`.
│  │ This may cause errors.
│  │ 
│  │ If you're running under a profiler, this situation is expected. Otherwise,
│  │ ensure that your library path environment variable (e.g., `PATH` on Windows
│  │ or `LD_LIBRARY_PATH` on Linux) does not include CUDA library paths.
│  │ 
│  │ In any other case, please file an issue.
│  └ @ CUDA ~/.julia/packages/CUDA/TPbi4/src/initialization.jl:218
└  
┌ Oceananigans → OceananigansNCDatasetsExt
│  ┌ Warning: You are using Julia v1.11 or later!"
│  │ Oceananigans is currently tested on Julia v1.10."
│  │ If you find issues with Julia v1.11 or later,"
│  │ please report at https://github.com/CliMA/Oceananigans.jl/issues/new
│  └ @ Oceananigans ~/.julia/packages/Oceananigans/A56vm/src/Oceananigans.jl:125
└  
┌ Atomix → AtomixCUDAExt
│  ┌ Warning: CUDA runtime library `libcublasLt.so.13` was loaded from a system path, `/usr/local/cuda/lib64/libcublasLt.so.13`.
│  │ This may cause errors.
│  │ 
│  │ If you're running under a profiler, this situation is expected. Otherwise,
│  │ ensure that your library path environment variable (e.g., `PATH` on Windows
│  │ or `LD_LIBRARY_PATH` on Linux) does not include CUDA library paths.
│  │ 
│  │ In any other case, please file an issue.
│  └ @ CUDA ~/.julia/packages/CUDA/TPbi4/src/initialization.jl:218
│  ┌ Warning: CUDA runtime library `libnvJitLink.so.13` was loaded from a system path, `/usr/local/cuda/lib64/libnvJitLink.so.13`.
│  │ This may cause errors.
│  │ 
│  │ If you're running under a profiler, this situation is expected. Otherwise,
│  │ ensure that your library path environment variable (e.g., `PATH` on Windows
│  │ or `LD_LIBRARY_PATH` on Linux) does not include CUDA library paths.
│  │ 
│  │ In any other case, please file an issue.
│  └ @ CUDA ~/.julia/packages/CUDA/TPbi4/src/initialization.jl:218
│  ┌ Warning: CUDA runtime library `libcusparse.so.12` was loaded from a system path, `/usr/local/cuda/lib64/libcusparse.so.12`.
│  │ This may cause errors.
│  │ 
│  │ If you're running under a profiler, this situation is expected. Otherwise,
│  │ ensure that your library path environment variable (e.g., `PATH` on Windows
│  │ or `LD_LIBRARY_PATH` on Linux) does not include CUDA library paths.
│  │ 
│  │ In any other case, please file an issue.
│  └ @ CUDA ~/.julia/packages/CUDA/TPbi4/src/initialization.jl:218
└  
┌ CUDA → ChainRulesCoreExt
│  ┌ Warning: CUDA runtime library `libcublasLt.so.13` was loaded from a system path, `/usr/local/cuda/lib64/libcublasLt.so.13`.
│  │ This may cause errors.
│  │ 
│  │ If you're running under a profiler, this situation is expected. Otherwise,
│  │ ensure that your library path environment variable (e.g., `PATH` on Windows
│  │ or `LD_LIBRARY_PATH` on Linux) does not include CUDA library paths.
│  │ 
│  │ In any other case, please file an issue.
│  └ @ CUDA ~/.julia/packages/CUDA/TPbi4/src/initialization.jl:218
│  ┌ Warning: CUDA runtime library `libnvJitLink.so.13` was loaded from a system path, `/usr/local/cuda/lib64/libnvJitLink.so.13`.
│  │ This may cause errors.
│  │ 
│  │ If you're running under a profiler, this situation is expected. Otherwise,
│  │ ensure that your library path environment variable (e.g., `PATH` on Windows
│  │ or `LD_LIBRARY_PATH` on Linux) does not include CUDA library paths.
│  │ 
│  │ In any other case, please file an issue.
│  └ @ CUDA ~/.julia/packages/CUDA/TPbi4/src/initialization.jl:218
│  ┌ Warning: CUDA runtime library `libcusparse.so.12` was loaded from a system path, `/usr/local/cuda/lib64/libcusparse.so.12`.
│  │ This may cause errors.
│  │ 
│  │ If you're running under a profiler, this situation is expected. Otherwise,
│  │ ensure that your library path environment variable (e.g., `PATH` on Windows
│  │ or `LD_LIBRARY_PATH` on Linux) does not include CUDA library paths.
│  │ 
│  │ In any other case, please file an issue.
│  └ @ CUDA ~/.julia/packages/CUDA/TPbi4/src/initialization.jl:218
└  
┌ MultiBroadcastFusion → MultiBroadcastFusionCUDAExt
│  ┌ Warning: CUDA runtime library `libcublasLt.so.13` was loaded from a system path, `/usr/local/cuda/lib64/libcublasLt.so.13`.
│  │ This may cause errors.
│  │ 
│  │ If you're running under a profiler, this situation is expected. Otherwise,
│  │ ensure that your library path environment variable (e.g., `PATH` on Windows
│  │ or `LD_LIBRARY_PATH` on Linux) does not include CUDA library paths.
│  │ 
│  │ In any other case, please file an issue.
│  └ @ CUDA ~/.julia/packages/CUDA/TPbi4/src/initialization.jl:218
│  ┌ Warning: CUDA runtime library `libnvJitLink.so.13` was loaded from a system path, `/usr/local/cuda/lib64/libnvJitLink.so.13`.
│  │ This may cause errors.
│  │ 
│  │ If you're running under a profiler, this situation is expected. Otherwise,
│  │ ensure that your library path environment variable (e.g., `PATH` on Windows
│  │ or `LD_LIBRARY_PATH` on Linux) does not include CUDA library paths.
│  │ 
│  │ In any other case, please file an issue.
│  └ @ CUDA ~/.julia/packages/CUDA/TPbi4/src/initialization.jl:218
│  ┌ Warning: CUDA runtime library `libcusparse.so.12` was loaded from a system path, `/usr/local/cuda/lib64/libcusparse.so.12`.
│  │ This may cause errors.
│  │ 
│  │ If you're running under a profiler, this situation is expected. Otherwise,
│  │ ensure that your library path environment variable (e.g., `PATH` on Windows
│  │ or `LD_LIBRARY_PATH` on Linux) does not include CUDA library paths.
│  │ 
│  │ In any other case, please file an issue.
│  └ @ CUDA ~/.julia/packages/CUDA/TPbi4/src/initialization.jl:218
└  
┌ CUDA → SpecialFunctionsExt
│  ┌ Warning: CUDA runtime library `libcublasLt.so.13` was loaded from a system path, `/usr/local/cuda/lib64/libcublasLt.so.13`.
│  │ This may cause errors.
│  │ 
│  │ If you're running under a profiler, this situation is expected. Otherwise,
│  │ ensure that your library path environment variable (e.g., `PATH` on Windows
│  │ or `LD_LIBRARY_PATH` on Linux) does not include CUDA library paths.
│  │ 
│  │ In any other case, please file an issue.
│  └ @ CUDA ~/.julia/packages/CUDA/TPbi4/src/initialization.jl:218
│  ┌ Warning: CUDA runtime library `libnvJitLink.so.13` was loaded from a system path, `/usr/local/cuda/lib64/libnvJitLink.so.13`.
│  │ This may cause errors.
│  │ 
│  │ If you're running under a profiler, this situation is expected. Otherwise,
│  │ ensure that your library path environment variable (e.g., `PATH` on Windows
│  │ or `LD_LIBRARY_PATH` on Linux) does not include CUDA library paths.
│  │ 
│  │ In any other case, please file an issue.
│  └ @ CUDA ~/.julia/packages/CUDA/TPbi4/src/initialization.jl:218
│  ┌ Warning: CUDA runtime library `libcusparse.so.12` was loaded from a system path, `/usr/local/cuda/lib64/libcusparse.so.12`.
│  │ This may cause errors.
│  │ 
│  │ If you're running under a profiler, this situation is expected. Otherwise,
│  │ ensure that your library path environment variable (e.g., `PATH` on Windows
│  │ or `LD_LIBRARY_PATH` on Linux) does not include CUDA library paths.
│  │ 
│  │ In any other case, please file an issue.
│  └ @ CUDA ~/.julia/packages/CUDA/TPbi4/src/initialization.jl:218
└  
┌ CUDA → EnzymeCoreExt
│  ┌ Warning: CUDA runtime library `libcublasLt.so.13` was loaded from a system path, `/usr/local/cuda/lib64/libcublasLt.so.13`.
│  │ This may cause errors.
│  │ 
│  │ If you're running under a profiler, this situation is expected. Otherwise,
│  │ ensure that your library path environment variable (e.g., `PATH` on Windows
│  │ or `LD_LIBRARY_PATH` on Linux) does not include CUDA library paths.
│  │ 
│  │ In any other case, please file an issue.
│  └ @ CUDA ~/.julia/packages/CUDA/TPbi4/src/initialization.jl:218
│  ┌ Warning: CUDA runtime library `libnvJitLink.so.13` was loaded from a system path, `/usr/local/cuda/lib64/libnvJitLink.so.13`.
│  │ This may cause errors.
│  │ 
│  │ If you're running under a profiler, this situation is expected. Otherwise,
│  │ ensure that your library path environment variable (e.g., `PATH` on Windows
│  │ or `LD_LIBRARY_PATH` on Linux) does not include CUDA library paths.
│  │ 
│  │ In any other case, please file an issue.
│  └ @ CUDA ~/.julia/packages/CUDA/TPbi4/src/initialization.jl:218
│  ┌ Warning: CUDA runtime library `libcusparse.so.12` was loaded from a system path, `/usr/local/cuda/lib64/libcusparse.so.12`.
│  │ This may cause errors.
│  │ 
│  │ If you're running under a profiler, this situation is expected. Otherwise,
│  │ ensure that your library path environment variable (e.g., `PATH` on Windows
│  │ or `LD_LIBRARY_PATH` on Linux) does not include CUDA library paths.
│  │ 
│  │ In any other case, please file an issue.
│  └ @ CUDA ~/.julia/packages/CUDA/TPbi4/src/initialization.jl:218
└  
┌ DiffEqBase → DiffEqBaseCUDAExt
│  ┌ Warning: CUDA runtime library `libcublasLt.so.13` was loaded from a system path, `/usr/local/cuda/lib64/libcublasLt.so.13`.
│  │ This may cause errors.
│  │ 
│  │ If you're running under a profiler, this situation is expected. Otherwise,
│  │ ensure that your library path environment variable (e.g., `PATH` on Windows
│  │ or `LD_LIBRARY_PATH` on Linux) does not include CUDA library paths.
│  │ 
│  │ In any other case, please file an issue.
│  └ @ CUDA ~/.julia/packages/CUDA/TPbi4/src/initialization.jl:218
│  ┌ Warning: CUDA runtime library `libnvJitLink.so.13` was loaded from a system path, `/usr/local/cuda/lib64/libnvJitLink.so.13`.
│  │ This may cause errors.
│  │ 
│  │ If you're running under a profiler, this situation is expected. Otherwise,
│  │ ensure that your library path environment variable (e.g., `PATH` on Windows
│  │ or `LD_LIBRARY_PATH` on Linux) does not include CUDA library paths.
│  │ 
│  │ In any other case, please file an issue.
│  └ @ CUDA ~/.julia/packages/CUDA/TPbi4/src/initialization.jl:218
│  ┌ Warning: CUDA runtime library `libcusparse.so.12` was loaded from a system path, `/usr/local/cuda/lib64/libcusparse.so.12`.
│  │ This may cause errors.
│  │ 
│  │ If you're running under a profiler, this situation is expected. Otherwise,
│  │ ensure that your library path environment variable (e.g., `PATH` on Windows
│  │ or `LD_LIBRARY_PATH` on Linux) does not include CUDA library paths.
│  │ 
│  │ In any other case, please file an issue.
│  └ @ CUDA ~/.julia/packages/CUDA/TPbi4/src/initialization.jl:218
└  
┌ ClimaSeaIce
│  ┌ Warning: You are using Julia v1.11 or later!"
│  │ Oceananigans is currently tested on Julia v1.10."
│  │ If you find issues with Julia v1.11 or later,"
│  │ please report at https://github.com/CliMA/Oceananigans.jl/issues/new
│  └ @ Oceananigans ~/.julia/packages/Oceananigans/A56vm/src/Oceananigans.jl:125
└  
┌ MPI → CUDAExt
│  ┌ Warning: CUDA runtime library `libcublasLt.so.13` was loaded from a system path, `/usr/local/cuda/lib64/libcublasLt.so.13`.
│  │ This may cause errors.
│  │ 
│  │ If you're running under a profiler, this situation is expected. Otherwise,
│  │ ensure that your library path environment variable (e.g., `PATH` on Windows
│  │ or `LD_LIBRARY_PATH` on Linux) does not include CUDA library paths.
│  │ 
│  │ In any other case, please file an issue.
│  └ @ CUDA ~/.julia/packages/CUDA/TPbi4/src/initialization.jl:218
│  ┌ Warning: CUDA runtime library `libnvJitLink.so.13` was loaded from a system path, `/usr/local/cuda/lib64/libnvJitLink.so.13`.
│  │ This may cause errors.
│  │ 
│  │ If you're running under a profiler, this situation is expected. Otherwise,
│  │ ensure that your library path environment variable (e.g., `PATH` on Windows
│  │ or `LD_LIBRARY_PATH` on Linux) does not include CUDA library paths.
│  │ 
│  │ In any other case, please file an issue.
│  └ @ CUDA ~/.julia/packages/CUDA/TPbi4/src/initialization.jl:218
│  ┌ Warning: CUDA runtime library `libcusparse.so.12` was loaded from a system path, `/usr/local/cuda/lib64/libcusparse.so.12`.
│  │ This may cause errors.
│  │ 
│  │ If you're running under a profiler, this situation is expected. Otherwise,
│  │ ensure that your library path environment variable (e.g., `PATH` on Windows
│  │ or `LD_LIBRARY_PATH` on Linux) does not include CUDA library paths.
│  │ 
│  │ In any other case, please file an issue.
│  └ @ CUDA ~/.julia/packages/CUDA/TPbi4/src/initialization.jl:218
└  
┌ KrylovPreconditioners → KrylovPreconditionersCUDAExt
│  ┌ Warning: CUDA runtime library `libcublasLt.so.13` was loaded from a system path, `/usr/local/cuda/lib64/libcublasLt.so.13`.
│  │ This may cause errors.
│  │ 
│  │ If you're running under a profiler, this situation is expected. Otherwise,
│  │ ensure that your library path environment variable (e.g., `PATH` on Windows
│  │ or `LD_LIBRARY_PATH` on Linux) does not include CUDA library paths.
│  │ 
│  │ In any other case, please file an issue.
│  └ @ CUDA ~/.julia/packages/CUDA/TPbi4/src/initialization.jl:218
│  ┌ Warning: CUDA runtime library `libnvJitLink.so.13` was loaded from a system path, `/usr/local/cuda/lib64/libnvJitLink.so.13`.
│  │ This may cause errors.
│  │ 
│  │ If you're running under a profiler, this situation is expected. Otherwise,
│  │ ensure that your library path environment variable (e.g., `PATH` on Windows
│  │ or `LD_LIBRARY_PATH` on Linux) does not include CUDA library paths.
│  │ 
│  │ In any other case, please file an issue.
│  └ @ CUDA ~/.julia/packages/CUDA/TPbi4/src/initialization.jl:218
│  ┌ Warning: CUDA runtime library `libcusparse.so.12` was loaded from a system path, `/usr/local/cuda/lib64/libcusparse.so.12`.
│  │ This may cause errors.
│  │ 
│  │ If you're running under a profiler, this situation is expected. Otherwise,
│  │ ensure that your library path environment variable (e.g., `PATH` on Windows
│  │ or `LD_LIBRARY_PATH` on Linux) does not include CUDA library paths.
│  │ 
│  │ In any other case, please file an issue.
│  └ @ CUDA ~/.julia/packages/CUDA/TPbi4/src/initialization.jl:218
└  
┌ ClimaComms → ClimaCommsCUDAExt
│  ┌ Warning: CUDA runtime library `libcublasLt.so.13` was loaded from a system path, `/usr/local/cuda/lib64/libcublasLt.so.13`.
│  │ This may cause errors.
│  │ 
│  │ If you're running under a profiler, this situation is expected. Otherwise,
│  │ ensure that your library path environment variable (e.g., `PATH` on Windows
│  │ or `LD_LIBRARY_PATH` on Linux) does not include CUDA library paths.
│  │ 
│  │ In any other case, please file an issue.
│  └ @ CUDA ~/.julia/packages/CUDA/TPbi4/src/initialization.jl:218
│  ┌ Warning: CUDA runtime library `libnvJitLink.so.13` was loaded from a system path, `/usr/local/cuda/lib64/libnvJitLink.so.13`.
│  │ This may cause errors.
│  │ 
│  │ If you're running under a profiler, this situation is expected. Otherwise,
│  │ ensure that your library path environment variable (e.g., `PATH` on Windows
│  │ or `LD_LIBRARY_PATH` on Linux) does not include CUDA library paths.
│  │ 
│  │ In any other case, please file an issue.
│  └ @ CUDA ~/.julia/packages/CUDA/TPbi4/src/initialization.jl:218
│  ┌ Warning: CUDA runtime library `libcusparse.so.12` was loaded from a system path, `/usr/local/cuda/lib64/libcusparse.so.12`.
│  │ This may cause errors.
│  │ 
│  │ If you're running under a profiler, this situation is expected. Otherwise,
│  │ ensure that your library path environment variable (e.g., `PATH` on Windows
│  │ or `LD_LIBRARY_PATH` on Linux) does not include CUDA library paths.
│  │ 
│  │ In any other case, please file an issue.
│  └ @ CUDA ~/.julia/packages/CUDA/TPbi4/src/initialization.jl:218
└  
┌ SparseMatrixColorings → SparseMatrixColoringsCUDAExt
│  ┌ Warning: CUDA runtime library `libcublasLt.so.13` was loaded from a system path, `/usr/local/cuda/lib64/libcublasLt.so.13`.
│  │ This may cause errors.
│  │ 
│  │ If you're running under a profiler, this situation is expected. Otherwise,
│  │ ensure that your library path environment variable (e.g., `PATH` on Windows
│  │ or `LD_LIBRARY_PATH` on Linux) does not include CUDA library paths.
│  │ 
│  │ In any other case, please file an issue.
│  └ @ CUDA ~/.julia/packages/CUDA/TPbi4/src/initialization.jl:218
│  ┌ Warning: CUDA runtime library `libnvJitLink.so.13` was loaded from a system path, `/usr/local/cuda/lib64/libnvJitLink.so.13`.
│  │ This may cause errors.
│  │ 
│  │ If you're running under a profiler, this situation is expected. Otherwise,
│  │ ensure that your library path environment variable (e.g., `PATH` on Windows
│  │ or `LD_LIBRARY_PATH` on Linux) does not include CUDA library paths.
│  │ 
│  │ In any other case, please file an issue.
│  └ @ CUDA ~/.julia/packages/CUDA/TPbi4/src/initialization.jl:218
│  ┌ Warning: CUDA runtime library `libcusparse.so.12` was loaded from a system path, `/usr/local/cuda/lib64/libcusparse.so.12`.
│  │ This may cause errors.
│  │ 
│  │ If you're running under a profiler, this situation is expected. Otherwise,
│  │ ensure that your library path environment variable (e.g., `PATH` on Windows
│  │ or `LD_LIBRARY_PATH` on Linux) does not include CUDA library paths.
│  │ 
│  │ In any other case, please file an issue.
│  └ @ CUDA ~/.julia/packages/CUDA/TPbi4/src/initialization.jl:218
└  
┌ RRTMGP → RRTMGPCUDAExt
│  ┌ Warning: CUDA runtime library `libcublasLt.so.13` was loaded from a system path, `/usr/local/cuda/lib64/libcublasLt.so.13`.
│  │ This may cause errors.
│  │ 
│  │ If you're running under a profiler, this situation is expected. Otherwise,
│  │ ensure that your library path environment variable (e.g., `PATH` on Windows
│  │ or `LD_LIBRARY_PATH` on Linux) does not include CUDA library paths.
│  │ 
│  │ In any other case, please file an issue.
│  └ @ CUDA ~/.julia/packages/CUDA/TPbi4/src/initialization.jl:218
│  ┌ Warning: CUDA runtime library `libnvJitLink.so.13` was loaded from a system path, `/usr/local/cuda/lib64/libnvJitLink.so.13`.
│  │ This may cause errors.
│  │ 
│  │ If you're running under a profiler, this situation is expected. Otherwise,
│  │ ensure that your library path environment variable (e.g., `PATH` on Windows
│  │ or `LD_LIBRARY_PATH` on Linux) does not include CUDA library paths.
│  │ 
│  │ In any other case, please file an issue.
│  └ @ CUDA ~/.julia/packages/CUDA/TPbi4/src/initialization.jl:218
│  ┌ Warning: CUDA runtime library `libcusparse.so.12` was loaded from a system path, `/usr/local/cuda/lib64/libcusparse.so.12`.
│  │ This may cause errors.
│  │ 
│  │ If you're running under a profiler, this situation is expected. Otherwise,
│  │ ensure that your library path environment variable (e.g., `PATH` on Windows
│  │ or `LD_LIBRARY_PATH` on Linux) does not include CUDA library paths.
│  │ 
│  │ In any other case, please file an issue.
│  └ @ CUDA ~/.julia/packages/CUDA/TPbi4/src/initialization.jl:218
└  
┌ Oceananigans → OceananigansCUDAExt
│  ┌ Warning: You are using Julia v1.11 or later!"
│  │ Oceananigans is currently tested on Julia v1.10."
│  │ If you find issues with Julia v1.11 or later,"
│  │ please report at https://github.com/CliMA/Oceananigans.jl/issues/new
│  └ @ Oceananigans ~/.julia/packages/Oceananigans/A56vm/src/Oceananigans.jl:125
│  ┌ Warning: CUDA runtime library `libcublasLt.so.13` was loaded from a system path, `/usr/local/cuda/lib64/libcublasLt.so.13`.
│  │ This may cause errors.
│  │ 
│  │ If you're running under a profiler, this situation is expected. Otherwise,
│  │ ensure that your library path environment variable (e.g., `PATH` on Windows
│  │ or `LD_LIBRARY_PATH` on Linux) does not include CUDA library paths.
│  │ 
│  │ In any other case, please file an issue.
│  └ @ CUDA ~/.julia/packages/CUDA/TPbi4/src/initialization.jl:218
│  ┌ Warning: CUDA runtime library `libnvJitLink.so.13` was loaded from a system path, `/usr/local/cuda/lib64/libnvJitLink.so.13`.
│  │ This may cause errors.
│  │ 
│  │ If you're running under a profiler, this situation is expected. Otherwise,
│  │ ensure that your library path environment variable (e.g., `PATH` on Windows
│  │ or `LD_LIBRARY_PATH` on Linux) does not include CUDA library paths.
│  │ 
│  │ In any other case, please file an issue.
│  └ @ CUDA ~/.julia/packages/CUDA/TPbi4/src/initialization.jl:218
│  ┌ Warning: CUDA runtime library `libcusparse.so.12` was loaded from a system path, `/usr/local/cuda/lib64/libcusparse.so.12`.
│  │ This may cause errors.
│  │ 
│  │ If you're running under a profiler, this situation is expected. Otherwise,
│  │ ensure that your library path environment variable (e.g., `PATH` on Windows
│  │ or `LD_LIBRARY_PATH` on Linux) does not include CUDA library paths.
│  │ 
│  │ In any other case, please file an issue.
│  └ @ CUDA ~/.julia/packages/CUDA/TPbi4/src/initialization.jl:218
└  

The following 1 direct dependency failed to precompile:

ClimaOcean 

Failed to precompile ClimaOcean [0376089a-ecfe-4b0e-a64f-9c555d74d754] to "/home/pbachant/.julia/compiled/v1.11/ClimaOcean/jl_B0UcWk".
┌ Warning: You are using Julia v1.11 or later!"
│ Oceananigans is currently tested on Julia v1.10."
│ If you find issues with Julia v1.11 or later,"
│ please report at https://github.com/CliMA/Oceananigans.jl/issues/new
└ @ Oceananigans ~/.julia/packages/Oceananigans/A56vm/src/Oceananigans.jl:125
ERROR: LoadError: InitError: AssertionError: ret == 1
Stacktrace:
  [1] OpenSSL.SSLContext(ssl_method::OpenSSL.SSLMethod, verify_file::String)
    @ OpenSSL ~/.julia/packages/OpenSSL/fun1x/src/ssl.jl:165
  [2] SSLContext
    @ ~/.julia/packages/OpenSSL/fun1x/src/ssl.jl:145 [inlined]
  [3] __init__()
    @ HTTP.Connections ~/.julia/packages/HTTP/ShTJs/src/Connections.jl:41
  [4] run_module_init(mod::Module, i::Int64)
    @ Base ./loading.jl:1378
  [5] register_restored_modules(sv::Core.SimpleVector, pkg::Base.PkgId, path::String)
    @ Base ./loading.jl:1366
  [6] _include_from_serialized(pkg::Base.PkgId, path::String, ocachepath::String, depmods::Vector{Any}, ignore_native::Nothing; register::Bool)
    @ Base ./loading.jl:1254
  [7] _include_from_serialized (repeats 2 times)
    @ ./loading.jl:1210 [inlined]
  [8] _require_search_from_serialized(pkg::Base.PkgId, sourcepath::String, build_id::UInt128, stalecheck::Bool; reasons::Dict{String, Int64}, DEPOT_PATH::Vector{String})
    @ Base ./loading.jl:2057
  [9] _require(pkg::Base.PkgId, env::String)
    @ Base ./loading.jl:2527
 [10] __require_prelocked(uuidkey::Base.PkgId, env::String)
    @ Base ./loading.jl:2388
 [11] #invoke_in_world#3
    @ ./essentials.jl:1089 [inlined]
 [12] invoke_in_world
    @ ./essentials.jl:1086 [inlined]
 [13] _require_prelocked(uuidkey::Base.PkgId, env::String)
    @ Base ./loading.jl:2375
 [14] macro expansion
    @ ./loading.jl:2314 [inlined]
 [15] macro expansion
    @ ./lock.jl:273 [inlined]
 [16] __require(into::Module, mod::Symbol)
    @ Base ./loading.jl:2271
 [17] #invoke_in_world#3
    @ ./essentials.jl:1089 [inlined]
 [18] invoke_in_world
    @ ./essentials.jl:1086 [inlined]
 [19] require(into::Module, mod::Symbol)
    @ Base ./loading.jl:2260
 [20] include
    @ ./Base.jl:557 [inlined]
 [21] include_package_for_output(pkg::Base.PkgId, input::String, depot_path::Vector{String}, dl_load_path::Vector{String}, load_path::Vector{String}, concrete_deps::Vector{Pair{Base.PkgId, UInt128}}, source::String)
    @ Base ./loading.jl:2881
 [22] top-level scope
    @ stdin:6
during initialization of module Connections
in expression starting at /home/pbachant/.julia/packages/DataDeps/Y2lje/src/DataDeps.jl:2
in expression starting at stdin:6
ERROR: LoadError: Failed to precompile DataDeps [124859b0-ceae-595e-8997-d05f6a7a8dfe] to "/home/pbachant/.julia/compiled/v1.11/DataDeps/jl_9k13JJ".
Stacktrace:
  [1] error(s::String)
    @ Base ./error.jl:35
  [2] compilecache(pkg::Base.PkgId, path::String, internal_stderr::IO, internal_stdout::IO, keep_loaded_modules::Bool; flags::Cmd, cacheflags::Base.CacheFlags, reasons::Dict{String, Int64}, loadable_exts::Nothing)
    @ Base ./loading.jl:3174
  [3] (::Base.var"#1110#1111"{Base.PkgId})()
    @ Base ./loading.jl:2579
  [4] mkpidlock(f::Base.var"#1110#1111"{Base.PkgId}, at::String, pid::Int32; kwopts::@Kwargs{stale_age::Int64, wait::Bool})
    @ FileWatching.Pidfile /clima/software/julia/julia-1.11.5/share/julia/stdlib/v1.11/FileWatching/src/pidfile.jl:95
  [5] #mkpidlock#6
    @ /clima/software/julia/julia-1.11.5/share/julia/stdlib/v1.11/FileWatching/src/pidfile.jl:90 [inlined]
  [6] trymkpidlock(::Function, ::Vararg{Any}; kwargs::@Kwargs{stale_age::Int64})
    @ FileWatching.Pidfile /clima/software/julia/julia-1.11.5/share/julia/stdlib/v1.11/FileWatching/src/pidfile.jl:116
  [7] #invokelatest#2
    @ ./essentials.jl:1057 [inlined]
  [8] invokelatest
    @ ./essentials.jl:1052 [inlined]
  [9] maybe_cachefile_lock(f::Base.var"#1110#1111"{Base.PkgId}, pkg::Base.PkgId, srcpath::String; stale_age::Int64)
    @ Base ./loading.jl:3698
 [10] maybe_cachefile_lock
    @ ./loading.jl:3695 [inlined]
 [11] _require(pkg::Base.PkgId, env::String)
    @ Base ./loading.jl:2565
 [12] __require_prelocked(uuidkey::Base.PkgId, env::String)
    @ Base ./loading.jl:2388
 [13] #invoke_in_world#3
    @ ./essentials.jl:1089 [inlined]
 [14] invoke_in_world
    @ ./essentials.jl:1086 [inlined]
 [15] _require_prelocked(uuidkey::Base.PkgId, env::String)
    @ Base ./loading.jl:2375
 [16] macro expansion
    @ ./loading.jl:2314 [inlined]
 [17] macro expansion
    @ ./lock.jl:273 [inlined]
 [18] __require(into::Module, mod::Symbol)
    @ Base ./loading.jl:2271
 [19] #invoke_in_world#3
    @ ./essentials.jl:1089 [inlined]
 [20] invoke_in_world
    @ ./essentials.jl:1086 [inlined]
 [21] require(into::Module, mod::Symbol)
    @ Base ./loading.jl:2260
 [22] include
    @ ./Base.jl:557 [inlined]
 [23] include_package_for_output(pkg::Base.PkgId, input::String, depot_path::Vector{String}, dl_load_path::Vector{String}, load_path::Vector{String}, concrete_deps::Vector{Pair{Base.PkgId, UInt128}}, source::Nothing)
    @ Base ./loading.jl:2881
 [24] top-level scope
    @ stdin:6
in expression starting at /home/pbachant/.julia/packages/ClimaOcean/5Dct7/src/ClimaOcean.jl:1
in expression starting at stdin:Precompiling project...
           ✗ DataDeps
           ✗ FileIO → HTTPExt
           ✗ MeshArrays → MeshArraysDataDepsExt
           ✗ ClimaOcean
  0 dependencies successfully precompiled in 16 seconds. 643 already precompiled.

ERROR: The following 4 dependencies failed to precompile:

DataDeps 

Failed to precompile DataDeps [124859b0-ceae-595e-8997-d05f6a7a8dfe] to "/home/pbachant/.julia/compiled/v1.11/DataDeps/jl_B0mzuB".
ERROR: LoadError: InitError: AssertionError: ret == 1
Stacktrace:
  [1] OpenSSL.SSLContext(ssl_method::OpenSSL.SSLMethod, verify_file::String)
    @ OpenSSL ~/.julia/packages/OpenSSL/fun1x/src/ssl.jl:165
  [2] SSLContext
    @ ~/.julia/packages/OpenSSL/fun1x/src/ssl.jl:145 [inlined]
  [3] __init__()
    @ HTTP.Connections ~/.julia/packages/HTTP/ShTJs/src/Connections.jl:41
  [4] run_module_init(mod::Module, i::Int64)
    @ Base ./loading.jl:1378
  [5] register_restored_modules(sv::Core.SimpleVector, pkg::Base.PkgId, path::String)
    @ Base ./loading.jl:1366
  [6] _include_from_serialized(pkg::Base.PkgId, path::String, ocachepath::String, depmods::Vector{Any}, ignore_native::Nothing; register::Bool)
    @ Base ./loading.jl:1254
  [7] _include_from_serialized (repeats 2 times)
    @ ./loading.jl:1210 [inlined]
  [8] _require_search_from_serialized(pkg::Base.PkgId, sourcepath::String, build_id::UInt128, stalecheck::Bool; reasons::Dict{String, Int64}, DEPOT_PATH::Vector{String})
    @ Base ./loading.jl:2057
  [9] _require(pkg::Base.PkgId, env::String)
    @ Base ./loading.jl:2527
 [10] __require_prelocked(uuidkey::Base.PkgId, env::String)
    @ Base ./loading.jl:2388
 [11] #invoke_in_world#3
    @ ./essentials.jl:1089 [inlined]
 [12] invoke_in_world
    @ ./essentials.jl:1086 [inlined]
 [13] _require_prelocked(uuidkey::Base.PkgId, env::String)
    @ Base ./loading.jl:2375
 [14] macro expansion
    @ ./loading.jl:2314 [inlined]
 [15] macro expansion
    @ ./lock.jl:273 [inlined]
 [16] __require(into::Module, mod::Symbol)
    @ Base ./loading.jl:2271
 [17] #invoke_in_world#3
    @ ./essentials.jl:1089 [inlined]
 [18] invoke_in_world
    @ ./essentials.jl:1086 [inlined]
 [19] require(into::Module, mod::Symbol)
    @ Base ./loading.jl:2260
 [20] include
    @ ./Base.jl:557 [inlined]
 [21] include_package_for_output(pkg::Base.PkgId, input::String, depot_path::Vector{String}, dl_load_path::Vector{String}, load_path::Vector{String}, concrete_deps::Vector{Pair{Base.PkgId, UInt128}}, source::Nothing)
    @ Base ./loading.jl:2881
 [22] top-level scope
    @ stdin:6
during initialization of module Connections
in expression starting at /home/pbachant/.julia/packages/DataDeps/Y2lje/src/DataDeps.jl:2
in expression starting at stdin:6
HTTPExt 

Failed to precompile HTTPExt [d96af470-7dec-5786-bf74-32dbc175f043] to "/home/pbachant/.julia/compiled/v1.11/HTTPExt/jl_5lci5j".
ERROR: LoadError: InitError: AssertionError: ret == 1
Stacktrace:
  [1] OpenSSL.SSLContext(ssl_method::OpenSSL.SSLMethod, verify_file::String)
    @ OpenSSL ~/.julia/packages/OpenSSL/fun1x/src/ssl.jl:165
  [2] SSLContext
    @ ~/.julia/packages/OpenSSL/fun1x/src/ssl.jl:145 [inlined]
  [3] __init__()
    @ HTTP.Connections ~/.julia/packages/HTTP/ShTJs/src/Connections.jl:41
  [4] run_module_init(mod::Module, i::Int64)
    @ Base ./loading.jl:1378
  [5] register_restored_modules(sv::Core.SimpleVector, pkg::Base.PkgId, path::String)
    @ Base ./loading.jl:1366
  [6] _include_from_serialized(pkg::Base.PkgId, path::String, ocachepath::String, depmods::Vector{Any}, ignore_native::Nothing; register::Bool)
    @ Base ./loading.jl:1254
  [7] _include_from_serialized (repeats 2 times)
    @ ./loading.jl:1210 [inlined]
  [8] _require_search_from_serialized(pkg::Base.PkgId, sourcepath::String, build_id::UInt128, stalecheck::Bool; reasons::Dict{String, Int64}, DEPOT_PATH::Vector{String})
    @ Base ./loading.jl:2057
  [9] _require(pkg::Base.PkgId, env::String)
    @ Base ./loading.jl:2527
 [10] __require_prelocked(uuidkey::Base.PkgId, env::String)
    @ Base ./loading.jl:2388
 [11] #invoke_in_world#3
    @ ./essentials.jl:1089 [inlined]
 [12] invoke_in_world
    @ ./essentials.jl:1086 [inlined]
 [13] _require_prelocked(uuidkey::Base.PkgId, env::String)
    @ Base ./loading.jl:2375
 [14] macro expansion
    @ ./loading.jl:2314 [inlined]
 [15] macro expansion
    @ ./lock.jl:273 [inlined]
 [16] __require(into::Module, mod::Symbol)
    @ Base ./loading.jl:2271
 [17] #invoke_in_world#3
    @ ./essentials.jl:1089 [inlined]
 [18] invoke_in_world
    @ ./essentials.jl:1086 [inlined]
 [19] require(into::Module, mod::Symbol)
    @ Base ./loading.jl:2260
 [20] top-level scope
    @ ~/.julia/packages/FileIO/EI2b8/ext/HTTPExt.jl:5
 [21] include
    @ ./Base.jl:557 [inlined]
 [22] include_package_for_output(pkg::Base.PkgId, input::String, depot_path::Vector{String}, dl_load_path::Vector{String}, load_path::Vector{String}, concrete_deps::Vector{Pair{Base.PkgId, UInt128}}, source::Nothing)
    @ Base ./loading.jl:2881
 [23] top-level scope
    @ stdin:6
during initialization of module Connections
in expression starting at /home/pbachant/.julia/packages/FileIO/EI2b8/ext/HTTPExt.jl:1
in expression starting at stdin:6

ClimaOcean 

Failed to precompile ClimaOcean [0376089a-ecfe-4b0e-a64f-9c555d74d754] to "/home/pbachant/.julia/compiled/v1.11/ClimaOcean/jl_TGhzLD".
┌ Warning: You are using Julia v1.11 or later!"
│ Oceananigans is currently tested on Julia v1.10."
│ If you find issues with Julia v1.11 or later,"
│ please report at https://github.com/CliMA/Oceananigans.jl/issues/new
└ @ Oceananigans ~/.julia/packages/Oceananigans/A56vm/src/Oceananigans.jl:125
ERROR: LoadError: InitError: AssertionError: ret == 1
Stacktrace:
  [1] OpenSSL.SSLContext(ssl_method::OpenSSL.SSLMethod, verify_file::String)
    @ OpenSSL ~/.julia/packages/OpenSSL/fun1x/src/ssl.jl:165
  [2] SSLContext
    @ ~/.julia/packages/OpenSSL/fun1x/src/ssl.jl:145 [inlined]
  [3] __init__()
    @ HTTP.Connections ~/.julia/packages/HTTP/ShTJs/src/Connections.jl:41
  [4] run_module_init(mod::Module, i::Int64)
    @ Base ./loading.jl:1378
  [5] register_restored_modules(sv::Core.SimpleVector, pkg::Base.PkgId, path::String)
    @ Base ./loading.jl:1366
  [6] _include_from_serialized(pkg::Base.PkgId, path::String, ocachepath::String, depmods::Vector{Any}, ignore_native::Nothing; register::Bool)
    @ Base ./loading.jl:1254
  [7] _include_from_serialized (repeats 2 times)
    @ ./loading.jl:1210 [inlined]
  [8] _require_search_from_serialized(pkg::Base.PkgId, sourcepath::String, build_id::UInt128, stalecheck::Bool; reasons::Dict{String, Int64}, DEPOT_PATH::Vector{String})
    @ Base ./loading.jl:2057
  [9] _require(pkg::Base.PkgId, env::String)
    @ Base ./loading.jl:2527
 [10] __require_prelocked(uuidkey::Base.PkgId, env::String)
    @ Base ./loading.jl:2388
 [11] #invoke_in_world#3
    @ ./essentials.jl:1089 [inlined]
 [12] invoke_in_world
    @ ./essentials.jl:1086 [inlined]
 [13] _require_prelocked(uuidkey::Base.PkgId, env::String)
    @ Base ./loading.jl:2375
 [14] macro expansion
    @ ./loading.jl:2314 [inlined]
 [15] macro expansion
    @ ./lock.jl:273 [inlined]
 [16] __require(into::Module, mod::Symbol)
    @ Base ./loading.jl:2271
 [17] #invoke_in_world#3
    @ ./essentials.jl:1089 [inlined]
 [18] invoke_in_world
    @ ./essentials.jl:1086 [inlined]
 [19] require(into::Module, mod::Symbol)
    @ Base ./loading.jl:2260
 [20] include
    @ ./Base.jl:557 [inlined]
 [21] include_package_for_output(pkg::Base.PkgId, input::String, depot_path::Vector{String}, dl_load_path::Vector{String}, load_path::Vector{String}, concrete_deps::Vector{Pair{Base.PkgId, UInt128}}, source::String)
    @ Base ./loading.jl:2881
 [22] top-level scope
    @ stdin:6
during initialization of module Connections
in expression starting at /home/pbachant/.julia/packages/DataDeps/Y2lje/src/DataDeps.jl:2
in expression starting at stdin:6
ERROR: LoadError: Failed to precompile DataDeps [124859b0-ceae-595e-8997-d05f6a7a8dfe] to "/home/pbachant/.julia/compiled/v1.11/DataDeps/jl_IZvfGd".
Stacktrace:
  [1] error(s::String)
    @ Base ./error.jl:35
  [2] compilecache(pkg::Base.PkgId, path::String, internal_stderr::IO, internal_stdout::IO, keep_loaded_modules::Bool; flags::Cmd, cacheflags::Base.CacheFlags, reasons::Dict{String, Int64}, loadable_exts::Nothing)
    @ Base ./loading.jl:3174
  [3] (::Base.var"#1110#1111"{Base.PkgId})()
    @ Base ./loading.jl:2579
  [4] mkpidlock(f::Base.var"#1110#1111"{Base.PkgId}, at::String, pid::Int32; kwopts::@Kwargs{stale_age::Int64, wait::Bool})
    @ FileWatching.Pidfile /clima/software/julia/julia-1.11.5/share/julia/stdlib/v1.11/FileWatching/src/pidfile.jl:95
  [5] #mkpidlock#6
    @ /clima/software/julia/julia-1.11.5/share/julia/stdlib/v1.11/FileWatching/src/pidfile.jl:90 [inlined]
  [6] trymkpidlock(::Function, ::Vararg{Any}; kwargs::@Kwargs{stale_age::Int64})
    @ FileWatching.Pidfile /clima/software/julia/julia-1.11.5/share/julia/stdlib/v1.11/FileWatching/src/pidfile.jl:116
  [7] #invokelatest#2
    @ ./essentials.jl:1057 [inlined]
  [8] invokelatest
    @ ./essentials.jl:1052 [inlined]
  [9] maybe_cachefile_lock(f::Base.var"#1110#1111"{Base.PkgId}, pkg::Base.PkgId, srcpath::String; stale_age::Int64)
    @ Base ./loading.jl:3698
 [10] maybe_cachefile_lock
    @ ./loading.jl:3695 [inlined]
 [11] _require(pkg::Base.PkgId, env::String)
    @ Base ./loading.jl:2565
 [12] __require_prelocked(uuidkey::Base.PkgId, env::String)
    @ Base ./loading.jl:2388
 [13] #invoke_in_world#3
    @ ./essentials.jl:1089 [inlined]
 [14] invoke_in_world
    @ ./essentials.jl:1086 [inlined]
 [15] _require_prelocked(uuidkey::Base.PkgId, env::String)
    @ Base ./loading.jl:2375
 [16] macro expansion
    @ ./loading.jl:2314 [inlined]
 [17] macro expansion
    @ ./lock.jl:273 [inlined]
 [18] __require(into::Module, mod::Symbol)
    @ Base ./loading.jl:2271
 [19] #invoke_in_world#3
    @ ./essentials.jl:1089 [inlined]
 [20] invoke_in_world
    @ ./essentials.jl:1086 [inlined]
 [21] require(into::Module, mod::Symbol)
    @ Base ./loading.jl:2260
 [22] include
    @ ./Base.jl:557 [inlined]
 [23] include_package_for_output(pkg::Base.PkgId, input::String, depot_path::Vector{String}, dl_load_path::Vector{String}, load_path::Vector{String}, concrete_deps::Vector{Pair{Base.PkgId, UInt128}}, source::Nothing)
    @ Base ./loading.jl:2881
 [24] top-level scope
    @ stdin:6
in expression starting at /home/pbachant/.julia/packages/ClimaOcean/5Dct7/src/ClimaOcean.jl:1
in expression starting at stdin:6

MeshArraysDataDepsExt 

Failed to precompile MeshArraysDataDepsExt [36cc4853-f8c1-5eaa-8d8b-0a67786dd994] to "/home/pbachant/.julia/compiled/v1.11/MeshArraysDataDepsExt/jl_cWgqEM".
ERROR: LoadError: InitError: AssertionError: ret == 1
Stacktrace:
  [1] OpenSSL.SSLContext(ssl_method::OpenSSL.SSLMethod, verify_file::String)
    @ OpenSSL ~/.julia/packages/OpenSSL/fun1x/src/ssl.jl:165
  [2] SSLContext
    @ ~/.julia/packages/OpenSSL/fun1x/src/ssl.jl:145 [inlined]
  [3] __init__()
    @ HTTP.Connections ~/.julia/packages/HTTP/ShTJs/src/Connections.jl:41
  [4] run_module_init(mod::Module, i::Int64)
    @ Base ./loading.jl:1378
  [5] register_restored_modules(sv::Core.SimpleVector, pkg::Base.PkgId, path::String)
    @ Base ./loading.jl:1366
  [6] _include_from_serialized(pkg::Base.PkgId, path::String, ocachepath::String, depmods::Vector{Any}, ignore_native::Nothing; register::Bool)
    @ Base ./loading.jl:1254
  [7] _include_from_serialized (repeats 2 times)
    @ ./loading.jl:1210 [inlined]
  [8] _require_search_from_serialized(pkg::Base.PkgId, sourcepath::String, build_id::UInt128, stalecheck::Bool; reasons::Dict{String, Int64}, DEPOT_PATH::Vector{String})
    @ Base ./loading.jl:2057
  [9] _require(pkg::Base.PkgId, env::String)
    @ Base ./loading.jl:2527
 [10] __require_prelocked(uuidkey::Base.PkgId, env::String)
    @ Base ./loading.jl:2388
 [11] #invoke_in_world#3
    @ ./essentials.jl:1089 [inlined]
 [12] invoke_in_world
    @ ./essentials.jl:1086 [inlined]
 [13] _require_prelocked(uuidkey::Base.PkgId, env::String)
    @ Base ./loading.jl:2375
 [14] macro expansion
    @ ./loading.jl:2314 [inlined]
 [15] macro expansion
    @ ./lock.jl:273 [inlined]
 [16] __require(into::Module, mod::Symbol)
    @ Base ./loading.jl:2271
 [17] #invoke_in_world#3
    @ ./essentials.jl:1089 [inlined]
 [18] invoke_in_world
    @ ./essentials.jl:1086 [inlined]
 [19] require(into::Module, mod::Symbol)
    @ Base ./loading.jl:2260
 [20] include
    @ ./Base.jl:557 [inlined]
 [21] include_package_for_output(pkg::Base.PkgId, input::String, depot_path::Vector{String}, dl_load_path::Vector{String}, load_path::Vector{String}, concrete_deps::Vector{Pair{Base.PkgId, UInt128}}, source::String)
    @ Base ./loading.jl:2881
 [22] top-level scope
    @ stdin:6
during initialization of module Connections
in expression starting at /home/pbachant/.julia/packages/DataDeps/Y2lje/src/DataDeps.jl:2
in expression starting at stdin:6
ERROR: LoadError: Failed to precompile DataDeps [124859b0-ceae-595e-8997-d05f6a7a8dfe] to "/home/pbachant/.julia/compiled/v1.11/DataDeps/jl_8a1u3S".
Stacktrace:
  [1] error(s::String)
    @ Base ./error.jl:35
  [2] compilecache(pkg::Base.PkgId, path::String, internal_stderr::IO, internal_stdout::IO, keep_loaded_modules::Bool; flags::Cmd, cacheflags::Base.CacheFlags, reasons::Dict{String, Int64}, loadable_exts::Nothing)
    @ Base ./loading.jl:3174
  [3] (::Base.var"#1110#1111"{Base.PkgId})()
    @ Base ./loading.jl:2579
  [4] mkpidlock(f::Base.var"#1110#1111"{Base.PkgId}, at::String, pid::Int32; kwopts::@Kwargs{stale_age::Int64, wait::Bool})
    @ FileWatching.Pidfile /clima/software/julia/julia-1.11.5/share/julia/stdlib/v1.11/FileWatching/src/pidfile.jl:95
  [5] #mkpidlock#6
    @ /clima/software/julia/julia-1.11.5/share/julia/stdlib/v1.11/FileWatching/src/pidfile.jl:90 [inlined]
  [6] trymkpidlock(::Function, ::Vararg{Any}; kwargs::@Kwargs{stale_age::Int64})
    @ FileWatching.Pidfile /clima/software/julia/julia-1.11.5/share/julia/stdlib/v1.11/FileWatching/src/pidfile.jl:116
  [7] #invokelatest#2
    @ ./essentials.jl:1057 [inlined]
  [8] invokelatest
    @ ./essentials.jl:1052 [inlined]
  [9] maybe_cachefile_lock(f::Base.var"#1110#1111"{Base.PkgId}, pkg::Base.PkgId, srcpath::String; stale_age::Int64)
    @ Base ./loading.jl:3698
 [10] maybe_cachefile_lock
    @ ./loading.jl:3695 [inlined]
 [11] _require(pkg::Base.PkgId, env::String)
    @ Base ./loading.jl:2565
 [12] __require_prelocked(uuidkey::Base.PkgId, env::String)
    @ Base ./loading.jl:2388
 [13] #invoke_in_world#3
    @ ./essentials.jl:1089 [inlined]
 [14] invoke_in_world
    @ ./essentials.jl:1086 [inlined]
 [15] _require_prelocked(uuidkey::Base.PkgId, env::String)
    @ Base ./loading.jl:2375
 [16] macro expansion
    @ ./loading.jl:2314 [inlined]
 [17] macro expansion
    @ ./lock.jl:273 [inlined]
 [18] __require(into::Module, mod::Symbol)
    @ Base ./loading.jl:2271
 [19] #invoke_in_world#3
    @ ./essentials.jl:1089 [inlined]
 [20] invoke_in_world
    @ ./essentials.jl:1086 [inlined]
 [21] require(into::Module, mod::Symbol)
    @ Base ./loading.jl:2260
 [22] include
    @ ./Base.jl:557 [inlined]
 [23] include_package_for_output(pkg::Base.PkgId, input::String, depot_path::Vector{String}, dl_load_path::Vector{String}, load_path::Vector{String}, concrete_deps::Vector{Pair{Base.PkgId, UInt128}}, source::Nothing)
    @ Base ./loading.jl:2881
 [24] top-level scope
    @ stdin:6
in expression starting at /home/pbachant/.julia/packages/MeshArrays/3lJCP/ext/MeshArraysDataDepsExt.jl:2
in expression starting at stdin:6
┌ Warning: CUDA runtime library `libcublasLt.so.13` was loaded from a system path, `/usr/local/cuda/lib64/libcublasLt.so.13`.
│ This may cause errors.
│ 
│ If you're running under a profiler, this situation is expected. Otherwise,
│ ensure that your library path environment variable (e.g., `PATH` on Windows
│ or `LD_LIBRARY_PATH` on Linux) does not include CUDA library paths.
│ 
│ In any other case, please file an issue.
└ @ CUDA ~/.julia/packages/CUDA/TPbi4/src/initialization.jl:218
┌ Warning: CUDA runtime library `libnvJitLink.so.13` was loaded from a system path, `/usr/local/cuda/lib64/libnvJitLink.so.13`.
│ This may cause errors.
│ 
│ If you're running under a profiler, this situation is expected. Otherwise,
│ ensure that your library path environment variable (e.g., `PATH` on Windows
│ or `LD_LIBRARY_PATH` on Linux) does not include CUDA library paths.
│ 
│ In any other case, please file an issue.
└ @ CUDA ~/.julia/packages/CUDA/TPbi4/src/initialization.jl:218
┌ Warning: CUDA runtime library `libcusparse.so.12` was loaded from a system path, `/usr/local/cuda/lib64/libcusparse.so.12`.
│ This may cause errors.
│ 
│ If you're running under a profiler, this situation is expected. Otherwise,
│ ensure that your library path environment variable (e.g., `PATH` on Windows
│ or `LD_LIBRARY_PATH` on Linux) does not include CUDA library paths.
│ 
│ In any other case, please file an issue.
└ @ CUDA ~/.julia/packages/CUDA/TPbi4/src/initialization.jl:218
┌ Warning: CUDA runtime library `libcupti.so.13.1` was loaded from a system path, `/opt/nvidia/nsight-systems/2025.3.2/target-linux-x64/libcupti.so.13.1`.
│ This may cause errors.
│ 
│ If you're running under a profiler, this situation is expected. Otherwise,
│ ensure that your library path environment variable (e.g., `PATH` on Windows
│ or `LD_LIBRARY_PATH` on Linux) does not include CUDA library paths.
│ 
│ In any other case, please file an issue.
└ @ CUDA ~/.julia/packages/CUDA/TPbi4/src/initialization.jl:218
[ Info: Active project: /home/pbachant/calkit/clima-coupled-land-slowdown/ClimaCoupler.jl/experiments/ClimaEarth
┌ Warning: You are using Julia v1.11 or later!"
│ Oceananigans is currently tested on Julia v1.10."
│ If you find issues with Julia v1.11 or later,"
│ please report at https://github.com/CliMA/Oceananigans.jl/issues/new
└ @ Oceananigans ~/.julia/packages/Oceananigans/A56vm/src/Oceananigans.jl:125
Precompiling ClimaOcean...
           ✗ DataDeps
           ✗ FileIO → HTTPExt
           ✗ MeshArrays → MeshArraysDataDepsExt
Info Given ClimaOcean was explicitly requested, output will be shown live [0K
[0K┌ Warning: You are using Julia v1.11 or later!"
[0K│ Oceananigans is currently tested on Julia v1.10."
[0K│ If you find issues with Julia v1.11 or later,"
[0K│ please report at https://github.com/CliMA/Oceananigans.jl/issues/new
[0K└ @ Oceananigans ~/.julia/packages/Oceananigans/A56vm/src/Oceananigans.jl:125
[0KERROR: LoadError: InitError: AssertionError: ret == 1
[0KStacktrace:
[0K  [1] OpenSSL.SSLContext(ssl_method::OpenSSL.SSLMethod, verify_file::String)
[0K    @ OpenSSL ~/.julia/packages/OpenSSL/fun1x/src/ssl.jl:165
[0K  [2] SSLContext
[0K    @ ~/.julia/packages/OpenSSL/fun1x/src/ssl.jl:145 [inlined]
[0K  [3] __init__()
[0K    @ HTTP.Connections ~/.julia/packages/HTTP/ShTJs/src/Connections.jl:41
[0K  [4] run_module_init(mod::Module, i::Int64)
[0K    @ Base ./loading.jl:1378
[0K  [5] register_restored_modules(sv::Core.SimpleVector, pkg::Base.PkgId, path::String)
[0K    @ Base ./loading.jl:1366
[0K  [6] _include_from_serialized(pkg::Base.PkgId, path::String, ocachepath::String, depmods::Vector{Any}, ignore_native::Nothing; register::Bool)
[0K    @ Base ./loading.jl:1254
[0K  [7] _include_from_serialized (repeats 2 times)
[0K    @ ./loading.jl:1210 [inlined]
[0K  [8] _require_search_from_serialized(pkg::Base.PkgId, sourcepath::String, build_id::UInt128, stalecheck::Bool; reasons::Dict{String, Int64}, DEPOT_PATH::Vector{String})
[0K    @ Base ./loading.jl:2057
[0K  [9] _require(pkg::Base.PkgId, env::String)
[0K    @ Base ./loading.jl:2527
[0K [10] __require_prelocked(uuidkey::Base.PkgId, env::String)
[0K    @ Base ./loading.jl:2388
[0K [11] #invoke_in_world#3
[0K    @ ./essentials.jl:1089 [inlined]
[0K [12] invoke_in_world
[0K    @ ./essentials.jl:1086 [inlined]
[0K [13] _require_prelocked(uuidkey::Base.PkgId, env::String)
[0K    @ Base ./loading.jl:2375
[0K [14] macro expansion
[0K    @ ./loading.jl:2314 [inlined]
[0K [15] macro expansion
[0K    @ ./lock.jl:273 [inlined]
[0K [16] __require(into::Module, mod::Symbol)
[0K    @ Base ./loading.jl:2271
[0K [17] #invoke_in_world#3
[0K    @ ./essentials.jl:1089 [inlined]
[0K [18] invoke_in_world
[0K    @ ./essentials.jl:1086 [inlined]
[0K [19] require(into::Module, mod::Symbol)
[0K    @ Base ./loading.jl:2260
[0K [20] include
[0K    @ ./Base.jl:557 [inlined]
[0K [21] include_package_for_output(pkg::Base.PkgId, input::String, depot_path::Vector{String}, dl_load_path::Vector{String}, load_path::Vector{String}, concrete_deps::Vector{Pair{Base.PkgId, UInt128}}, source::String)
[0K    @ Base ./loading.jl:2881
[0K [22] top-level scope
[0K    @ stdin:6
[0Kduring initialization of module Connections
[0Kin expression starting at /home/pbachant/.julia/packages/DataDeps/Y2lje/src/DataDeps.jl:2
[0Kin expression starting at stdin:6
[0KERROR: LoadError: Failed to precompile DataDeps [124859b0-ceae-595e-8997-d05f6a7a8dfe] to "/home/pbachant/.julia/compiled/v1.11/DataDeps/jl_AYFmBR".
[0KStacktrace:
[0K  [1] error(s::String)
[0K    @ Base ./error.jl:35
[0K  [2] compilecache(pkg::Base.PkgId, path::String, internal_stderr::IO, internal_stdout::IO, keep_loaded_modules::Bool; flags::Cmd, cacheflags::Base.CacheFlags, reasons::Dict{String, Int64}, loadable_exts::Nothing)
[0K    @ Base ./loading.jl:3174
[0K  [3] (::Base.var"#1110#1111"{Base.PkgId})()
[0K    @ Base ./loading.jl:2579
[0K  [4] mkpidlock(f::Base.var"#1110#1111"{Base.PkgId}, at::String, pid::Int32; kwopts::@Kwargs{stale_age::Int64, wait::Bool})
[0K    @ FileWatching.Pidfile /clima/software/julia/julia-1.11.5/share/julia/stdlib/v1.11/FileWatching/src/pidfile.jl:95
[0K  [5] #mkpidlock#6
[0K    @ /clima/software/julia/julia-1.11.5/share/julia/stdlib/v1.11/FileWatching/src/pidfile.jl:90 [inlined]
[0K  [6] trymkpidlock(::Function, ::Vararg{Any}; kwargs::@Kwargs{stale_age::Int64})
[0K    @ FileWatching.Pidfile /clima/software/julia/julia-1.11.5/share/julia/stdlib/v1.11/FileWatching/src/pidfile.jl:116
[0K  [7] #invokelatest#2
[0K    @ ./essentials.jl:1057 [inlined]
[0K  [8] invokelatest
[0K    @ ./essentials.jl:1052 [inlined]
[0K  [9] maybe_cachefile_lock(f::Base.var"#1110#1111"{Base.PkgId}, pkg::Base.PkgId, srcpath::String; stale_age::Int64)
[0K    @ Base ./loading.jl:3698
[0K [10] maybe_cachefile_lock
[0K    @ ./loading.jl:3695 [inlined]
[0K [11] _require(pkg::Base.PkgId, env::String)
[0K    @ Base ./loading.jl:2565
[0K [12] __require_prelocked(uuidkey::Base.PkgId, env::String)
[0K    @ Base ./loading.jl:2388
[0K [13] #invoke_in_world#3
[0K    @ ./essentials.jl:1089 [inlined]
[0K [14] invoke_in_world
[0K    @ ./essentials.jl:1086 [inlined]
[0K [15] _require_prelocked(uuidkey::Base.PkgId, env::String)
[0K    @ Base ./loading.jl:2375
[0K [16] macro expansion
[0K    @ ./loading.jl:2314 [inlined]
[0K [17] macro expansion
[0K    @ ./lock.jl:273 [inlined]
[0K [18] __require(into::Module, mod::Symbol)
[0K    @ Base ./loading.jl:2271
[0K [19] #invoke_in_world#3
[0K    @ ./essentials.jl:1089 [inlined]
[0K [20] invoke_in_world
[0K    @ ./essentials.jl:1086 [inlined]
[0K [21] require(into::Module, mod::Symbol)
[0K    @ Base ./loading.jl:2260
[0K [22] include
[0K    @ ./Base.jl:557 [inlined]
[0K [23] include_package_for_output(pkg::Base.PkgId, input::String, depot_path::Vector{String}, dl_load_path::Vector{String}, load_path::Vector{String}, concrete_deps::Vector{Pair{Base.PkgId, UInt128}}, source::Nothing)
[0K    @ Base ./loading.jl:2881
[0K [24] top-level scope
[0K    @ stdin:6
[0Kin expression starting at /home/pbachant/.julia/packages/ClimaOcean/5Dct7/src/ClimaOcean.jl:1
[0Kin expression starting at stdin:6
           ✗ ClimaOcean
  0 dependencies successfully precompiled in 13 seconds. 278 already precompiled.

ERROR: LoadError: The following 1 direct dependency failed to precompile:

ClimaOcean 

Failed to precompile ClimaOcean [0376089a-ecfe-4b0e-a64f-9c555d74d754] to "/home/pbachant/.julia/compiled/v1.11/ClimaOcean/jl_KFk68j".
┌ Warning: You are using Julia v1.11 or later!"
│ Oceananigans is currently tested on Julia v1.10."
│ If you find issues with Julia v1.11 or later,"
│ please report at https://github.com/CliMA/Oceananigans.jl/issues/new
└ @ Oceananigans ~/.julia/packages/Oceananigans/A56vm/src/Oceananigans.jl:125
ERROR: LoadError: InitError: AssertionError: ret == 1
Stacktrace:
  [1] OpenSSL.SSLContext(ssl_method::OpenSSL.SSLMethod, verify_file::String)
    @ OpenSSL ~/.julia/packages/OpenSSL/fun1x/src/ssl.jl:165
  [2] SSLContext
    @ ~/.julia/packages/OpenSSL/fun1x/src/ssl.jl:145 [inlined]
  [3] __init__()
    @ HTTP.Connections ~/.julia/packages/HTTP/ShTJs/src/Connections.jl:41
  [4] run_module_init(mod::Module, i::Int64)
    @ Base ./loading.jl:1378
  [5] register_restored_modules(sv::Core.SimpleVector, pkg::Base.PkgId, path::String)
    @ Base ./loading.jl:1366
  [6] _include_from_serialized(pkg::Base.PkgId, path::String, ocachepath::String, depmods::Vector{Any}, ignore_native::Nothing; register::Bool)
    @ Base ./loading.jl:1254
  [7] _include_from_serialized (repeats 2 times)
    @ ./loading.jl:1210 [inlined]
  [8] _require_search_from_serialized(pkg::Base.PkgId, sourcepath::String, build_id::UInt128, stalecheck::Bool; reasons::Dict{String, Int64}, DEPOT_PATH::Vector{String})
    @ Base ./loading.jl:2057
  [9] _require(pkg::Base.PkgId, env::String)
    @ Base ./loading.jl:2527
 [10] __require_prelocked(uuidkey::Base.PkgId, env::String)
    @ Base ./loading.jl:2388
 [11] #invoke_in_world#3
    @ ./essentials.jl:1089 [inlined]
 [12] invoke_in_world
    @ ./essentials.jl:1086 [inlined]
 [13] _require_prelocked(uuidkey::Base.PkgId, env::String)
    @ Base ./loading.jl:2375
 [14] macro expansion
    @ ./loading.jl:2314 [inlined]
 [15] macro expansion
    @ ./lock.jl:273 [inlined]
 [16] __require(into::Module, mod::Symbol)
    @ Base ./loading.jl:2271
 [17] #invoke_in_world#3
    @ ./essentials.jl:1089 [inlined]
 [18] invoke_in_world
    @ ./essentials.jl:1086 [inlined]
 [19] require(into::Module, mod::Symbol)
    @ Base ./loading.jl:2260
 [20] include
    @ ./Base.jl:557 [inlined]
 [21] include_package_for_output(pkg::Base.PkgId, input::String, depot_path::Vector{String}, dl_load_path::Vector{String}, load_path::Vector{String}, concrete_deps::Vector{Pair{Base.PkgId, UInt128}}, source::String)
    @ Base ./loading.jl:2881
 [22] top-level scope
    @ stdin:6
during initialization of module Connections
in expression starting at /home/pbachant/.julia/packages/DataDeps/Y2lje/src/DataDeps.jl:2
in expression starting at stdin:6
ERROR: LoadError: Failed to precompile DataDeps [124859b0-ceae-595e-8997-d05f6a7a8dfe] to "/home/pbachant/.julia/compiled/v1.11/DataDeps/jl_AYFmBR".
Stacktrace:
  [1] error(s::String)
    @ Base ./error.jl:35
  [2] compilecache(pkg::Base.PkgId, path::String, internal_stderr::IO, internal_stdout::IO, keep_loaded_modules::Bool; flags::Cmd, cacheflags::Base.CacheFlags, reasons::Dict{String, Int64}, loadable_exts::Nothing)
    @ Base ./loading.jl:3174
  [3] (::Base.var"#1110#1111"{Base.PkgId})()
    @ Base ./loading.jl:2579
  [4] mkpidlock(f::Base.var"#1110#1111"{Base.PkgId}, at::String, pid::Int32; kwopts::@Kwargs{stale_age::Int64, wait::Bool})
    @ FileWatching.Pidfile /clima/software/julia/julia-1.11.5/share/julia/stdlib/v1.11/FileWatching/src/pidfile.jl:95
  [5] #mkpidlock#6
    @ /clima/software/julia/julia-1.11.5/share/julia/stdlib/v1.11/FileWatching/src/pidfile.jl:90 [inlined]
  [6] trymkpidlock(::Function, ::Vararg{Any}; kwargs::@Kwargs{stale_age::Int64})
    @ FileWatching.Pidfile /clima/software/julia/julia-1.11.5/share/julia/stdlib/v1.11/FileWatching/src/pidfile.jl:116
  [7] #invokelatest#2
    @ ./essentials.jl:1057 [inlined]
  [8] invokelatest
    @ ./essentials.jl:1052 [inlined]
  [9] maybe_cachefile_lock(f::Base.var"#1110#1111"{Base.PkgId}, pkg::Base.PkgId, srcpath::String; stale_age::Int64)
    @ Base ./loading.jl:3698
 [10] maybe_cachefile_lock
    @ ./loading.jl:3695 [inlined]
 [11] _require(pkg::Base.PkgId, env::String)
    @ Base ./loading.jl:2565
 [12] __require_prelocked(uuidkey::Base.PkgId, env::String)
    @ Base ./loading.jl:2388
 [13] #invoke_in_world#3
    @ ./essentials.jl:1089 [inlined]
 [14] invoke_in_world
    @ ./essentials.jl:1086 [inlined]
 [15] _require_prelocked(uuidkey::Base.PkgId, env::String)
    @ Base ./loading.jl:2375
 [16] macro expansion
    @ ./loading.jl:2314 [inlined]
 [17] macro expansion
    @ ./lock.jl:273 [inlined]
 [18] __require(into::Module, mod::Symbol)
    @ Base ./loading.jl:2271
 [19] #invoke_in_world#3
    @ ./essentials.jl:1089 [inlined]
 [20] invoke_in_world
    @ ./essentials.jl:1086 [inlined]
 [21] require(into::Module, mod::Symbol)
    @ Base ./loading.jl:2260
 [22] include
    @ ./Base.jl:557 [inlined]
 [23] include_package_for_output(pkg::Base.PkgId, input::String, depot_path::Vector{String}, dl_load_path::Vector{String}, load_path::Vector{String}, concrete_deps::Vector{Pair{Base.PkgId, UInt128}}, source::Nothing)
    @ Base ./loading.jl:2881
 [24] top-level scope
    @ stdin:6
in expression starting at /home/pbachant/.julia/packages/ClimaOcean/5Dct7/src/ClimaOcean.jl:1
in expression starting at stdin:
in expression starting at /home/pbachant/calkit/clima-coupled-land-slowdown/ClimaCoupler.jl/experiments/ClimaEarth/components/ocean/oceananigans.jl:2
in expression starting at /home/pbachant/calkit/clima-coupled-land-slowdown/ClimaCoupler.jl/experiments/ClimaEarth/setup_run.jl:80
in expression starting at /home/pbachant/calkit/clima-coupled-land-slowdown/scripts/run.jl:8
Processing events...
Generated:
	No reports were generated
